2026-02-09T10:03:34+00:00 INFO *++++++*
2026-02-09T10:03:34+00:00 INFO -> ok, show me the downloads for 24566
2026-02-09T10:03:34+00:00 INFO Array
(
)
2026-02-09T10:03:34+00:00 INFO -> ok, but is downloadable?
2026-02-09T10:03:34+00:00 INFO 
2026-02-09T10:09:55+00:00 INFO ==================
2026-02-09T10:09:55+00:00 INFO ---> Status for order 24570: on-hold
2026-02-09T10:09:55+00:00 INFO ---> listing reserved tickets # for order 24570: 
2026-02-09T10:09:55+00:00 INFO ==================
2026-02-09T10:09:55+00:00 INFO ---> Status for order 24570: on-hold
2026-02-09T10:09:55+00:00 INFO ---> listing reserved tickets # for order 24570: 
2026-02-09T10:13:34+00:00 INFO ==================
2026-02-09T10:13:34+00:00 INFO ---> Status for order 12345: processing
2026-02-09T10:13:34+00:00 INFO ---> listing reserved tickets # for order 12345: 
2026-02-09T10:13:43+00:00 INFO ==================
2026-02-09T10:13:43+00:00 INFO ---> Status for order 12345: on-hold
2026-02-09T10:13:43+00:00 INFO ---> listing reserved tickets # for order 12345: 
2026-02-09T10:14:25+00:00 INFO ==================
2026-02-09T10:14:25+00:00 INFO ---> Status for order 12345: processing
2026-02-09T10:14:25+00:00 INFO ---> listing reserved tickets # for order 12345: 
2026-02-09T10:14:31+00:00 INFO ==================
2026-02-09T10:14:31+00:00 INFO ---> Status for order 12345: completed
2026-02-09T10:14:31+00:00 INFO ---> listing reserved tickets # for order 12345: 
2026-02-09T10:14:56+00:00 INFO ==================
2026-02-09T10:14:56+00:00 INFO ---> Status for order 12345: processing
2026-02-09T10:14:56+00:00 INFO ---> listing reserved tickets # for order 12345: 
2026-02-09T10:15:19+00:00 INFO ==================
2026-02-09T10:15:19+00:00 INFO ---> Status for order 12345: processing
2026-02-09T10:15:19+00:00 INFO ---> listing reserved tickets # for order 12345: 
2026-02-09T10:15:46+00:00 INFO ==================
2026-02-09T10:15:46+00:00 INFO ---> Status for order 12345: processing
2026-02-09T10:15:46+00:00 INFO ---> listing reserved tickets # for order 12345: 
2026-02-09T10:16:07+00:00 INFO ==================
2026-02-09T10:16:07+00:00 INFO ---> Status for order 12345: processing
2026-02-09T10:16:07+00:00 INFO ---> listing reserved tickets # for order 12345: 
2026-02-09T10:16:52+00:00 INFO ==================
2026-02-09T10:16:52+00:00 INFO ---> Status for order 12345: processing
2026-02-09T10:16:52+00:00 INFO ---> listing reserved tickets # for order 12345: 
2026-02-09T10:17:11+00:00 INFO ==================
2026-02-09T10:17:11+00:00 INFO ---> Status for order 12345: processing
2026-02-09T10:17:11+00:00 INFO ---> listing reserved tickets # for order 12345: 
2026-02-09T10:17:29+00:00 INFO ==================
2026-02-09T10:17:29+00:00 INFO ---> Status for order 12345: processing
2026-02-09T10:17:29+00:00 INFO ---> listing reserved tickets # for order 12345: 
2026-02-09T10:17:44+00:00 INFO ==================
2026-02-09T10:17:44+00:00 INFO ---> Status for order 12345: processing
2026-02-09T10:17:44+00:00 INFO ---> listing reserved tickets # for order 12345: 
2026-02-09T12:32:10+00:00 INFO ==================
2026-02-09T12:32:10+00:00 INFO ---> Status for order 24570: on-hold
2026-02-09T12:32:10+00:00 INFO ---> listing reserved tickets # for order 24570: 
2026-02-09T12:34:21+00:00 INFO ==================
2026-02-09T12:34:21+00:00 INFO ---> Status for order 24570: completed
2026-02-09T12:34:21+00:00 INFO ---> listing reserved tickets # for order 24570: 
2026-02-09T12:34:21+00:00 INFO ==================
2026-02-09T12:34:21+00:00 INFO ---> Status for order 24570: completed
2026-02-09T12:34:21+00:00 INFO 
2026-02-09T12:34:21+00:00 INFO Array
(
)
2026-02-09T12:34:21+00:00 INFO Array
(
)
2026-02-09T12:34:21+00:00 INFO ---> EMAIL ATTACHMENTS for order #24570: 
2026-02-09T12:45:36+00:00 INFO *++++++*
2026-02-09T12:45:36+00:00 INFO -> ok, show me the downloads for 24566
2026-02-09T12:45:36+00:00 INFO Array
(
)
2026-02-09T12:45:36+00:00 INFO -> ok, but is downloadable?
2026-02-09T12:45:36+00:00 INFO 
2026-02-09T12:45:36+00:00 INFO ==================
2026-02-09T12:45:36+00:00 INFO ---> Status for order 24572: on-hold
2026-02-09T12:45:36+00:00 INFO ---> listing reserved tickets # for order 24572: 
2026-02-09T12:45:37+00:00 INFO ==================
2026-02-09T12:45:37+00:00 INFO ---> Status for order 24572: on-hold
2026-02-09T12:45:37+00:00 INFO ---> listing reserved tickets # for order 24572: 
2026-02-09T12:56:31+00:00 INFO ==================
2026-02-09T12:56:31+00:00 INFO ---> Status for order 12345: processing
2026-02-09T12:56:31+00:00 INFO ---> listing reserved tickets # for order 12345: 
2026-02-09T12:56:43+00:00 INFO ==================
2026-02-09T12:56:43+00:00 INFO ---> Status for order 12345: processing
2026-02-09T12:56:43+00:00 INFO ---> listing reserved tickets # for order 12345: 
2026-02-09T12:56:50+00:00 INFO ==================
2026-02-09T12:56:50+00:00 INFO ---> Status for order 12345: processing
2026-02-09T12:56:50+00:00 INFO ---> listing reserved tickets # for order 12345: 
2026-02-09T12:56:53+00:00 INFO ==================
2026-02-09T12:56:53+00:00 INFO ---> Status for order 12345: processing
2026-02-09T12:56:53+00:00 INFO ---> listing reserved tickets # for order 12345: 
2026-02-09T12:57:06+00:00 INFO ==================
2026-02-09T12:57:06+00:00 INFO ---> Status for order 12345: processing
2026-02-09T12:57:06+00:00 INFO ---> listing reserved tickets # for order 12345: 
2026-02-09T12:57:10+00:00 INFO ==================
2026-02-09T12:57:10+00:00 INFO ---> Status for order 12345: failed
2026-02-09T12:57:10+00:00 INFO ---> listing reserved tickets # for order 12345: 
2026-02-09T12:57:12+00:00 INFO ==================
2026-02-09T12:57:12+00:00 INFO ---> Status for order 12345: failed
2026-02-09T12:57:12+00:00 INFO ---> listing reserved tickets # for order 12345: 
2026-02-09T12:57:16+00:00 INFO ==================
2026-02-09T12:57:16+00:00 INFO ---> Status for order 12345: processing
2026-02-09T12:57:16+00:00 INFO ---> listing reserved tickets # for order 12345: 
2026-02-09T13:39:37+00:00 INFO *++++++*
2026-02-09T13:39:37+00:00 INFO -> ok, show me the downloads for 24566
2026-02-09T13:39:37+00:00 INFO Array
(
)
2026-02-09T13:39:37+00:00 INFO -> ok, but is downloadable?
2026-02-09T13:39:37+00:00 INFO 
2026-02-09T16:34:31+00:00 INFO ==================
2026-02-09T16:34:31+00:00 INFO ---> Status for order 24574: cancelled
2026-02-09T16:34:31+00:00 INFO ---> listing respawned tickets # from order 24574: 
2026-02-09T16:34:31+00:00 INFO 0 of 0 tickets were respawned
2026-02-09T17:09:05+00:00 INFO *++++++*
2026-02-09T17:09:05+00:00 INFO -> ok, show me the downloads for 24566
2026-02-09T17:09:05+00:00 INFO Array
(
)
2026-02-09T17:09:05+00:00 INFO -> ok, but is downloadable?
2026-02-09T17:09:05+00:00 INFO 
2026-02-09T17:25:41+00:00 INFO *++++++*
2026-02-09T17:25:41+00:00 INFO -> ok, show me the downloads for 24566
2026-02-09T17:25:41+00:00 INFO Array
(
)
2026-02-09T17:25:41+00:00 INFO -> ok, but is downloadable?
2026-02-09T17:25:41+00:00 INFO 
2026-02-09T17:59:50+00:00 INFO *++++++*
2026-02-09T17:59:50+00:00 INFO -> ok, show me the downloads for 24566
2026-02-09T17:59:50+00:00 INFO Array
(
)
2026-02-09T17:59:50+00:00 INFO -> ok, but is downloadable?
2026-02-09T17:59:50+00:00 INFO 
2026-02-09T18:41:30+00:00 INFO ==================
2026-02-09T18:41:30+00:00 INFO ---> Status for order 24575: cancelled
2026-02-09T18:41:30+00:00 INFO ---> listing respawned tickets # from order 24575: 
2026-02-09T18:41:30+00:00 INFO 0 of 0 tickets were respawned
2026-02-09T18:41:30+00:00 INFO ==================
2026-02-09T18:41:30+00:00 INFO ---> Status for order 24576: cancelled
2026-02-09T18:41:30+00:00 INFO ---> listing respawned tickets # from order 24576: 
2026-02-09T18:41:30+00:00 INFO 0 of 0 tickets were respawned
2026-02-09T20:07:24+00:00 INFO ==================
2026-02-09T20:07:24+00:00 INFO ---> Status for order 24580: cancelled
2026-02-09T20:07:24+00:00 INFO ---> listing respawned tickets # from order 24580: 
2026-02-09T20:07:24+00:00 INFO 0 of 0 tickets were respawned
