2026-02-10T09:50:08+00:00 INFO *++++++*
2026-02-10T09:50:08+00:00 INFO -> ok, show me the downloads for 24566
2026-02-10T09:50:08+00:00 INFO Array
(
)
2026-02-10T09:50:08+00:00 INFO -> ok, but is downloadable?
2026-02-10T09:50:08+00:00 INFO 
2026-02-10T11:48:20+00:00 INFO ==================
2026-02-10T11:48:20+00:00 INFO ---> Status for order 24581: cancelled
2026-02-10T11:48:20+00:00 INFO ---> listing respawned tickets # from order 24581: 
2026-02-10T11:48:20+00:00 INFO 0 of 0 tickets were respawned
2026-02-10T11:59:13+00:00 INFO *++++++*
2026-02-10T11:59:13+00:00 INFO -> ok, show me the downloads for 24566
2026-02-10T11:59:13+00:00 INFO Array
(
)
2026-02-10T11:59:13+00:00 INFO -> ok, but is downloadable?
2026-02-10T11:59:13+00:00 INFO 
2026-02-10T12:00:11+00:00 INFO ==================
2026-02-10T12:00:11+00:00 INFO ---> Status for order 24585: processing
2026-02-10T12:00:11+00:00 INFO ---> listing reserved tickets # for order 24585: 
2026-02-10T12:00:11+00:00 INFO ==================
2026-02-10T12:00:11+00:00 INFO ---> Status for order 24585: processing
2026-02-10T12:00:11+00:00 INFO ---> listing reserved tickets # for order 24585: 
2026-02-10T12:18:04+00:00 INFO ==================
2026-02-10T12:18:04+00:00 INFO ---> Status for order 12345: processing
2026-02-10T12:18:04+00:00 INFO ---> listing reserved tickets # for order 12345: 
2026-02-10T12:18:07+00:00 INFO ==================
2026-02-10T12:18:07+00:00 INFO ---> Status for order 12345: processing
2026-02-10T12:18:07+00:00 INFO ---> listing reserved tickets # for order 12345: 
2026-02-10T12:35:45+00:00 INFO *++++++*
2026-02-10T12:35:45+00:00 INFO -> ok, show me the downloads for 24566
2026-02-10T12:35:45+00:00 INFO Array
(
)
2026-02-10T12:35:45+00:00 INFO -> ok, but is downloadable?
2026-02-10T12:35:45+00:00 INFO 
2026-02-10T12:37:21+00:00 INFO ==================
2026-02-10T12:37:21+00:00 INFO ---> Status for order 24587: cancelled
2026-02-10T12:37:21+00:00 INFO ---> listing respawned tickets # from order 24587: 
2026-02-10T12:37:21+00:00 INFO 0 of 0 tickets were respawned
2026-02-10T12:39:17+00:00 INFO *++++++*
2026-02-10T12:39:17+00:00 INFO -> ok, show me the downloads for 24566
2026-02-10T12:39:17+00:00 INFO Array
(
)
2026-02-10T12:39:17+00:00 INFO -> ok, but is downloadable?
2026-02-10T12:39:17+00:00 INFO 
2026-02-10T12:39:32+00:00 INFO ==================
2026-02-10T12:39:32+00:00 INFO ---> Status for order 24588: cancelled
2026-02-10T12:39:32+00:00 INFO ---> listing respawned tickets # from order 24588: 
2026-02-10T12:39:32+00:00 INFO 0 of 0 tickets were respawned
