2026-02-01T14:26:05+00:00 INFO ==================
2026-02-01T14:26:05+00:00 INFO ---> Status for order 12345: pending
2026-02-01T14:26:05+00:00 INFO ---> listing reserved tickets # for order 12345: 
2026-02-01T14:26:21+00:00 INFO ==================
2026-02-01T14:26:21+00:00 INFO ---> Status for order 12345: pending
2026-02-01T14:26:21+00:00 INFO ---> listing reserved tickets # for order 12345: 
2026-02-01T14:27:14+00:00 INFO ==================
2026-02-01T14:27:14+00:00 INFO ---> Status for order 12345: pending
2026-02-01T14:27:14+00:00 INFO ---> listing reserved tickets # for order 12345: 
2026-02-01T14:57:54+00:00 INFO ==================
2026-02-01T14:57:54+00:00 INFO ---> Status for order 12345: pending
2026-02-01T14:57:54+00:00 INFO ---> listing reserved tickets # for order 12345: 
2026-02-01T14:57:57+00:00 INFO ==================
2026-02-01T14:57:57+00:00 INFO ---> Status for order 12345: pending
2026-02-01T14:57:57+00:00 INFO ---> listing reserved tickets # for order 12345: 
2026-02-01T15:44:28+00:00 INFO ==================
2026-02-01T15:44:28+00:00 INFO ---> Status for order 12345: pending
2026-02-01T15:44:28+00:00 INFO ---> listing reserved tickets # for order 12345: 
2026-02-01T15:48:38+00:00 INFO ==================
2026-02-01T15:48:38+00:00 INFO ---> Status for order 12345: pending
2026-02-01T15:48:38+00:00 INFO ---> listing reserved tickets # for order 12345: 
2026-02-01T17:02:38+00:00 INFO ==================
2026-02-01T17:02:38+00:00 INFO ---> Status for order 12345: processing
2026-02-01T17:02:38+00:00 INFO ---> listing reserved tickets # for order 12345: 
2026-02-01T17:12:08+00:00 INFO ==================
2026-02-01T17:12:08+00:00 INFO ---> Status for order 12345: processing
2026-02-01T17:12:08+00:00 INFO ---> listing reserved tickets # for order 12345: 
2026-02-01T17:12:14+00:00 INFO ==================
2026-02-01T17:12:14+00:00 INFO ---> Status for order 12345: failed
2026-02-01T17:12:14+00:00 INFO ---> listing reserved tickets # for order 12345: 
2026-02-01T17:12:24+00:00 INFO ==================
2026-02-01T17:12:24+00:00 INFO ---> Status for order 12345: failed
2026-02-01T17:12:24+00:00 INFO ---> listing reserved tickets # for order 12345: 
2026-02-01T17:12:37+00:00 INFO ==================
2026-02-01T17:12:37+00:00 INFO ---> Status for order 12345: processing
2026-02-01T17:12:37+00:00 INFO ---> listing reserved tickets # for order 12345: 
2026-02-01T17:13:00+00:00 INFO ==================
2026-02-01T17:13:00+00:00 INFO ---> Status for order 12345: processing
2026-02-01T17:13:00+00:00 INFO ---> listing reserved tickets # for order 12345: 
