2026-02-09T13:37:28+00:00 DEBUG 
Viva Wallet Version: 4.0.1
--- LOG STARTS HERE:
API GET CREDENTIALS FAILED 
URL: https://accounts.vivapayments.com/connect/token
Scope: BACK
RESULT: {"headers":{},"body":"{\"error\":\"invalid_client\"}","response":{"code":400,"message":"Bad Request"},"cookies":[{"name":"ak_bmsc","value":"B4E5DD42CB478880A2BC30A4396F8777~000000000000000000000000000000~YAAQXwcQAsixCh cAQAASBefQh4NC9qAnqPD BQG4JbmJACYOGI7MQFZtLgzKydVTTpm6q4UdRR6ywGNc63UOxnu65KbUoJGwZ6s6x6eWMPS6I6fKbGEJZ04jkaLhdV0kjXAQJ40\/IqL2A3uut0gH\/jgoUFshZTRTC6lRa4CGyzmxoWQRN7Cs4cZr2EkcQpVcbr2zv9yB6GjGJ24B4nLyNDtmb8uCH18eWAc9bQZBo07bZv9ioNJEoLw\/MTNI MbzZurpchkYOWzqQoSQyMj eP31kkdk3V9UR0So6o5Zo\/oakse941DOAkyUzGFEt8TznS4jF5ljoopFVvXrsQdUx5FwdndEjKG mK1Bohk1e7tepnjrB5pcdEdJzbrylsQ\/QR7DcE=","expires":1770651448,"path":"\/","domain":"vivapayments.com","port":null,"host_only":false}],"filename":null,"http_response":{"data":null,"headers":null,"status":null}}
--- LOG ENDS HERE 

2026-02-09T13:37:29+00:00 DEBUG 
Viva Wallet Version: 4.0.1
--- LOG STARTS HERE:
API CREATE SOURCE SUCCESS 
URL: https://api.vivapayments.com/plugins/v1/sources
ARGS: {"method":"POST","headers":{"Authorization":"Bearer eyJhbGciOiJSUzI1NiIsImtpZCI6IjYyODk4N0E3MDQ2QTUyQzkzMDY2NDJFMkJGQjBBNUY5OUJFQkFCQkVSUzI1NiIsIng1dCI6IllvbUhwd1JxVXNrd1prTGl2N0NsLVp2cnE3NCIsInR5cCI6ImF0K2p3dCJ9.eyJpc3MiOiJodHRwczovL2FjY291bnRzLnZpdmFwYXltZW50cy5jb20iLCJuYmYiOjE3NzA2NDQyNDgsImlhdCI6MTc3MDY0NDI0OCwiZXhwIjoxNzcwNjQ3ODQ4LCJhdWQiOlsiY29yZV9hcGkiLCJodHRwczovL2FjY291bnRzLnZpdmFwYXltZW50cy5jb20vcmVzb3VyY2VzIl0sInNjb3BlIjpbInVybjp2aXZhOnBheW1lbnRzOmNvcmU6YXBpOmFjcXVpcmluZyIsInVybjp2aXZhOnBheW1lbnRzOmNvcmU6YXBpOmFjcXVpcmluZzp0cmFuc2FjdGlvbnMiLCJ1cm46dml2YTpwYXltZW50czpjb3JlOmFwaTpuYXRpdmVjaGVja291dHYyIiwidXJuOnZpdmE6cGF5bWVudHM6Y29yZTphcGk6cGx1Z2lucyIsInVybjp2aXZhOnBheW1lbnRzOmNvcmU6YXBpOnBsdWdpbnM6d29vY29tbWVyY2UiXSwiY2xpZW50X2lkIjoia2FmcmNpODdidXJrc2V1eGducmZxY250bDlkbDBmYmYzeHdkMzc1a3BiYW81LmFwcHMudml2YXBheW1lbnRzLmNvbSIsInVybjp2aXZhOnBheW1lbnRzOmNsaWVudF9jaGFubmVsX2lkIjoiZjE3MzI3NGItM2VmZC00YWMxLWJjZmEtYTc5NWQyMjY2Nzc3IiwidXJuOnZpdmE6cGF5bWVudHM6Y2xpZW50X3BlcnNvbl9pZCI6IjhFQTZBRTI5LTgwODctNDUyQi1CMDQxLTgyODRCNEQwRjdFMSJ9.Z-NSH9MhxIQo5fySXVCPg628pJPyR13ReAH0_VtIwb_d3oS-e0hc_dGulDg9e4iv6RUZaj352wiiRVC31T32DqplITaar08w4qgotEGYKNvM8VPXcGtitoNjg5y0Xt1RFfzM-2FaU4X6d3Gl1LC3A1-EKEM_A-D9kwWXLPiJQ-dpFu9L2Cx9bvbGGCe2vEfipL2UQdE-_DzaO0CydYO6oYsg5GLleyfJMa2hecveiaeIz850FDn07UvVGBONls6FsR9X1hs5PkG6k7uUhkxoQp8-Ty39_tp2bClMQykqQZyivwx8aeiWYXWnhK-U_fijY0Q3_ayn4xudQvRJelI7SPwsVZn5I1BT-awlWVZXJoT-qrzsK8LEyl2bZmXk1a2UNtOyov7389vwnhz3cNWrcF2JdjkkCpsBcVl3UQL6I5DioEky8w5JNl6-rkQBhbnrYjQpVP8_DdKOghdxV5tQqHht2QIA2R_VQgEtjlGikdlt1zWsOVgOiBr6Fu96XLNkFpLokkLx37PNm0TcEql3NUBq9v-G1o77u7Zu69pxspCVsaAOcyaIkOE21cvUQBg2s5anpeVy5osM0NDWaBVDI5V4TZ4U8RfvqzlMv3xstUT8DwuKWnqXFfKJH8wpFEmduRbhonMJu_ji6jTcLK9wXAC8pH-Z4k-Jw9VUrKDZnI0","Content-Type":"application\/json"},"body":"{\"domain\":\"www.insiemeviaggi.com\",\"sourceCode\":\"WC-0002\",\"name\":\"Viva Wallet For WC - www.insiemeviaggi.com\",\"pathSuccess\":\"wc-api\\\/wc_vivawallet_native_success\",\"pathFail\":\"wc-api\\\/wc_vivawallet_native_fail\"}","timeout":30}
RESULT: {"headers":{},"body":"","response":{"code":204,"message":"No Content"},"cookies":[],"filename":null,"http_response":{"data":null,"headers":null,"status":null}}
--- LOG ENDS HERE 

2026-02-09T13:37:29+00:00 DEBUG 
Viva Wallet Version: 4.0.1
--- LOG STARTS HERE:
API GET CREDENTIALS FAILED 
URL: https://accounts.vivapayments.com/connect/token
Scope: BACK
RESULT: {"headers":{},"body":"{\"error\":\"invalid_client\"}","response":{"code":400,"message":"Bad Request"},"cookies":[{"name":"ak_bmsc","value":"AF5344093DE86A576A7D118AB8D8307B~000000000000000000000000000000~YAAQUAcQAtBlCxmcAQAA2hqfQh6MKiJcosunhmlnYFlYdjzKC7TAGs9mkk9yiteM6mr9mO5FNlmUq5mVQRcYwUWP7b3 5aTdH4jserfiSACJAKN7pT8QYKX2nDp0j6yF4EQ12ucrMpnJoT9fikZ4tOaU1ILAkK4JfUhVwF9qns0NqDXwIYvXyU4cTnm6EbuM09pGXj8vnaNlElWPgCzNQxqvBVwJeJUHW9avdO8wldrsG7AGfJEzDVXTuVgxW O\/Ilfqir\/YQPJADUPWymA7bEoNEVEQCiDly5FopGfi4Yde4UrdQeo08b3azHJUsxbwdLhw6sY6Yqm40 M2YWH350qgI3Enhn dyex5KTeumw\/xKlw6S1QKeks\/ NZTF3wr8GTfqTU=","expires":1770651449,"path":"\/","domain":"vivapayments.com","port":null,"host_only":false}],"filename":null,"http_response":{"data":null,"headers":null,"status":null}}
--- LOG ENDS HERE 

2026-02-09T17:24:50+00:00 DEBUG 
Viva Wallet Version: 4.0.1
--- LOG STARTS HERE:
API GET CREDENTIALS FAILED 
URL: https://accounts.vivapayments.com/connect/token
Scope: BACK
RESULT: {"headers":{},"body":"{\"error\":\"invalid_client\"}","response":{"code":400,"message":"Bad Request"},"cookies":[{"name":"ak_bmsc","value":"76AC5647E95D2151EE83E8F69E5889FA~000000000000000000000000000000~YAAQSh0QAthtMA cAQAAIkJvQx7 oghi30FYXBNGNXMSgsuhl6KHhJHBcmhWp9oB4H7ZWy0HBBHmfEwDywZ9J5ssfJa0NtrNL1HS95MTgqtAwKrtyqllBhN27yxtxvalQ\/U72NUg1\/HxaLLnAPo vQEfT5VpVg13LPkxXxSvbw F3zeKNg5m3u0KQab8sLT2082hOsluNoxCcB0m3AeBbiLKH12 N1PGfq 7Lb4vJGN 18GMAm8hjFPHiwPtv5UMlbQr\/xdThs1lFEjX29uqe\/sPSY8H9oFInWQwwJMAr3cKeqN9WSYFE3oRlhDmsmFDOIN7EpZW1sgMS0Y5REzzb8Z0uNo5UjnNrqsC8KHSAhWyXOcLpv0QHmFyeDlCZaQoS tUC1s=","expires":1770665090,"path":"\/","domain":"vivapayments.com","port":null,"host_only":false}],"filename":null,"http_response":{"data":null,"headers":null,"status":null}}
--- LOG ENDS HERE 

2026-02-09T17:51:59+00:00 DEBUG 
Viva Wallet Version: 4.0.1
--- LOG STARTS HERE:
Apple Pay: Check if this domain has been registered with Apple Pay. 
 API result: 
{"headers":{},"body":"{\"status\":400,\"message\":\"Null source\",\"eventId\":\"0\"}","response":{"code":400,"message":"Bad Request"},"cookies":[{"name":"ak_bmsc","value":"E77A7E13A71E537B36FA6883BCA9C0AA~000000000000000000000000000000~YAAQTR0QAvKLIyGcAQAAyxyIQx4snsYe2qH2s4CARy\/BZydBanfHqtx\/1dPgkqV7jgllF92C3Wga5Gp02XNIcp\/mpXRpbnvuFX3EIjfKDi7AZ2GV3v9Hiycg3B2LVTIyP2ofpAN6Umc7SaGZUx9evFI52QZZcTgamQWjoLvaQ6xkp6BvvbDXEFRqQsZ3kMt54LMoFgReLaXJfiAm3e3NM4oFckKseHctobKE8RIUKwEgBCqPmFXagel2\/\/oSAsvuTeDexoTpbYF5u5CRvY9XL5BIKcm1v ScRd5NBu2\/Xmm7kZZac9vNyUYXp5l liObB0yE8qBcMk0MQZc\/dVHac1BqXVvqZ ObGmOJ1kD1NhgPAXDwS2Ol60CAeTW53W8fwRWz7J4=","expires":1770666719,"path":"\/","domain":"vivapayments.com","port":null,"host_only":false}],"filename":null,"http_response":{"data":null,"headers":null,"status":null}}
--- LOG ENDS HERE 

2026-02-09T17:52:00+00:00 DEBUG 
Viva Wallet Version: 4.0.1
--- LOG STARTS HERE:
Check source API call failed 
URL: https://api.vivapayments.com/plugins/v1/sources?sourceCode=WC-0002
ARGS: {"method":"GET","headers":{"Accept":"application\/json","Authorization":"Bearer eyJhbGciOiJSUzI1NiIsImtpZCI6IjYyODk4N0E3MDQ2QTUyQzkzMDY2NDJFMkJGQjBBNUY5OUJFQkFCQkVSUzI1NiIsIng1dCI6IllvbUhwd1JxVXNrd1prTGl2N0NsLVp2cnE3NCIsInR5cCI6ImF0K2p3dCJ9.eyJpc3MiOiJodHRwczovL2FjY291bnRzLnZpdmFwYXltZW50cy5jb20iLCJuYmYiOjE3NzA2NTk1MTksImlhdCI6MTc3MDY1OTUxOSwiZXhwIjoxNzcwNjYzMTE5LCJhdWQiOlsiY29yZV9hcGkiLCJodHRwczovL2FjY291bnRzLnZpdmFwYXltZW50cy5jb20vcmVzb3VyY2VzIl0sInNjb3BlIjpbInVybjp2aXZhOnBheW1lbnRzOmNvcmU6YXBpOmFjcXVpcmluZyIsInVybjp2aXZhOnBheW1lbnRzOmNvcmU6YXBpOmFjcXVpcmluZzp0cmFuc2FjdGlvbnMiLCJ1cm46dml2YTpwYXltZW50czpjb3JlOmFwaTpuYXRpdmVjaGVja291dHYyIiwidXJuOnZpdmE6cGF5bWVudHM6Y29yZTphcGk6cGx1Z2lucyIsInVybjp2aXZhOnBheW1lbnRzOmNvcmU6YXBpOnBsdWdpbnM6d29vY29tbWVyY2UiXSwiY2xpZW50X2lkIjoia2FmcmNpODdidXJrc2V1eGducmZxY250bDlkbDBmYmYzeHdkMzc1a3BiYW81LmFwcHMudml2YXBheW1lbnRzLmNvbSIsInVybjp2aXZhOnBheW1lbnRzOmNsaWVudF9jaGFubmVsX2lkIjoiZjE3MzI3NGItM2VmZC00YWMxLWJjZmEtYTc5NWQyMjY2Nzc3IiwidXJuOnZpdmE6cGF5bWVudHM6Y2xpZW50X3BlcnNvbl9pZCI6IjhFQTZBRTI5LTgwODctNDUyQi1CMDQxLTgyODRCNEQwRjdFMSJ9.o4bC9GN4kypS2P5ColoxsVuJ7TL714Aum2HVuhLgyWRwUJKsx2xQhyaabJQV184yINsMNWy2X7dzbZt7WCA4h1xGEe976351opS9gFXhb8fm9FqepY7mSuQKlSHXUZcNBfMz9WZJl6_zjOHTQVmzyrg0eQwu3LZcXLWbcjGcQG1uihWhzJM0yZCWbIoxezgQXp59bUrqOBZIYoc_NxmPSYGbFGPLqtsA45hl0abEsn3U2rGfP7V1ohIrrNzq24mIK-gd06q6OfqzrlAThTPtltPcSNUAJ5F5AJhDt3hhijIJEvoFdfAr2g-dZqI3lBZXoKSqvs6_ZO-YTAMgcWzjTWD5GXootIMqmWzd2Yc8zYMzxGRclWrxrvPQtSD_yQducxtA6AOxs2Ft8_3M5-GcdbKLvC26Q9k-G--Uf7AkRiImvHR54rQylBMbOd21gaS4pDZmc9SZpvx_HiaNQN2lnT-2jQYa-2FJ6yDVlcPhVNPbAYGfzk5PSm64Ykjzmni03NDOMCGoWyPQiLcUgqFo0iC14LiHPTuVKUEFnT5YmUT3QXIU80s7a7ZW4dAjJ0st6HBZfdfxKN1F03At9ClShpIGHue21esAzlybhXVyACaxiQJ7fEh59kKxvj1A6kveECSeMOz9eC28ak4BoDbFmsSQyvKI4BLeuj_kWK6n4gY"},"httpversion":"1.0","timeout":30}
RESULT: {"headers":{},"body":"{\"status\":404,\"message\":\"No sources found\",\"eventId\":\"0\"}","response":{"code":404,"message":"Not Found"},"cookies":[{"name":"ak_bmsc","value":"6D23A423543B507C5FBE4C1573855648~000000000000000000000000000000~YAAQTR0QAi MIyGcAQAAqR6IQx4R7SAtz4xcXH QSHTvzcxexxVd4W08iSKEBXjqvyKsNPGp5Rz2uuAeFMOTIQV6imOdrY2xuhqcO6fnZOmnybtjg7c\/P2prhAZIBmzrImFg6zUKgRdu2xtOmZScwIqXcoKSR3U9GazPqEAHtSMp2QX9W5l9aHp7X m Rbak0oVcOb4JVrJKAuxV3yQtICCGrxikRCoJ6cOLMnJ4Hbmg24QdcDTNtCJQuhHMF0i7QXwzcAXq0xNSGB2kFTgovPaMEU3zULjWE8WW3oDKTetn\/tv WuIJy55JeT\/736\/QJAXaU2F8KxwUnv2sZJ3NsGfwCg3JCHRsbY6lPzUrGf3s62WlbLJag9r\/Dwbn7Jkk9BJizjc=","expires":1770666720,"path":"\/","domain":"vivapayments.com","port":null,"host_only":false}],"filename":null,"http_response":{"data":null,"headers":null,"status":null}}
--- LOG ENDS HERE 

2026-02-09T17:52:46+00:00 DEBUG 
Viva Wallet Version: 4.0.1
--- LOG STARTS HERE:
Apple Pay: Register this domain to accept Apple Pay payments. 
 API result: 
{"headers":{},"body":"{\"status\":400,\"message\":\"Null source\",\"eventId\":\"0\"}","response":{"code":400,"message":"Bad Request"},"cookies":[{"name":"ak_bmsc","value":"5470875F2EF6E769CD3D38DB219BCCE4~000000000000000000000000000000~YAAQTR0QAkGsIyGcAQAAh9OIQx6vCyW82JIfFJSUrgwLcWKE6hpng3OhbIAM6c\/OHzxXsxYE1eetQ3UpJ7bj1QMXHSBSJQ2Xi27X7do98vhUU6eIZfVHg sP7k23JmjSUt6TPOkHIsAAhMu2pVQDcs1X2Gln6tAHl nxZc2IZvlTVf4LPrrqstuzzmhExpvQrUTRapz3q0NdCGuzc jXWNqJrNls1DcVadhkKS7KK33zzys0k eOynaFf Q64L0KhRZZB\/NodFEM56jn3PTAEoZ9\/Rw2rgusDObrF7dF1vuorpAcE0KhPj5jvh9Onf\/Zqf8v\/2byfmTses0uLj4rvJYjQajhLJVB6irdYKb8uMfSz5n4fGs6s2C1TE5KQABezf\/JVhg=","expires":1770666766,"path":"\/","domain":"vivapayments.com","port":null,"host_only":false}],"filename":null,"http_response":{"data":null,"headers":null,"status":null}}
--- LOG ENDS HERE 

