2026-02-10T11:49:45+00:00 DEBUG 
Viva.com: 1.0.2
---Start Log---
Viva.com smart plugin version updated 
New version: 1.0.2
Wordpress Version: 6.9.1
 Other active plugins: 
 Elementor Pro - Version: 3.35.0
 Elementor - Version: 3.35.3
 Site Kit by Google - Version: 1.172.0
 Smash Balloon Instagram Feed - Version: 6.10.0
 LTC Ecommerce insiemeviaggi - Version: 13
 Product Code for WooCommerce - Version: 1.5.11
 Site Mailer - SMTP Replacement, Email API Deliverability & Email Log - Version: 1.4.2
 Viva.com | Smart Checkout for WooCommerce - Version: 1.0.2
 Viva Wallet Standard Checkout - Version: 4.0.1
 WooCommerce - Version: 10.5.0
 Wordfence Security - Version: 8.1.4
 Yoast SEO - Version: 26.9
 WP Crontrol - Version: 1.21.0
 Widgets for Google Reviews - Version: 13.2.7
---End Log---

